<?xml version="1.0" encoding="UTF-8"?>
<!-- Generated by org.testng.reporters.JUnitReportReporter -->
<testsuite hostname="shripad-PC" name="SeleniumCI.SeleniumTest" tests="1" failures="0" timestamp="7 Dec 2014 10:40:24 GMT" time="24.642" errors="0">
  <testcase name="FirstClass" time="24.642" classname="SeleniumCI.SeleniumTest"/>
</testsuite> <!-- SeleniumCI.SeleniumTest -->
